<?xml version="1.0" encoding="UTF-8"?>
<!DOCTYPE coverage SYSTEM "http://cobertura.sourceforge.net/xml/coverage-04.dtd">
<coverage line-rate="0.54484304932735" branch-rate="0" lines-covered="243" lines-valid="446" branches-covered="0" branches-valid="0" complexity="178" version="0.4" timestamp="1711341811">
  <sources>
    <source>/app/src</source>
  </sources>
  <packages>
    <package name="Http/Controllers/AboutController.php" line-rate="1" branch-rate="0" complexity="2">
      <classes>
        <class name="Playground\Site\Blade\Http\Controllers\AboutController" filename="Http/Controllers/AboutController.php" line-rate="1" branch-rate="0" complexity="2">
          <methods>
            <method name="index" signature="Illuminate\Http\Request $request" line-rate="1" branch-rate="0" complexity="2">
              <lines>
                <line number="27" hits="14"/>
                <line number="32" hits="14"/>
                <line number="34" hits="14"/>
                <line number="35" hits="7"/>
                <line number="37" hits="7"/>
                <line number="39" hits="7"/>
                <line number="42" hits="7"/>
                <line number="43" hits="7"/>
                <line number="44" hits="7"/>
                <line number="45" hits="7"/>
                <line number="46" hits="7"/>
                <line number="47" hits="7"/>
                <line number="48" hits="7"/>
                <line number="49" hits="7"/>
              </lines>
            </method>
          </methods>
          <lines>
            <line number="27" hits="14"/>
            <line number="32" hits="14"/>
            <line number="34" hits="14"/>
            <line number="35" hits="7"/>
            <line number="37" hits="7"/>
            <line number="39" hits="7"/>
            <line number="42" hits="7"/>
            <line number="43" hits="7"/>
            <line number="44" hits="7"/>
            <line number="45" hits="7"/>
            <line number="46" hits="7"/>
            <line number="47" hits="7"/>
            <line number="48" hits="7"/>
            <line number="49" hits="7"/>
          </lines>
        </class>
      </classes>
    </package>
    <package name="Http/Controllers/BootstrapController.php" line-rate="0.94444444444444" branch-rate="0" complexity="10">
      <classes>
        <class name="Playground\Site\Blade\Http\Controllers\BootstrapController" filename="Http/Controllers/BootstrapController.php" line-rate="0.94444444444444" branch-rate="0" complexity="10">
          <methods>
            <method name="index" signature="Illuminate\Http\Request $request" line-rate="0.92857142857143" branch-rate="0" complexity="3">
              <lines>
                <line number="28" hits="8"/>
                <line number="30" hits="8"/>
                <line number="31" hits="8"/>
                <line number="32" hits="0"/>
                <line number="35" hits="8"/>
                <line number="36" hits="8"/>
                <line number="37" hits="8"/>
                <line number="38" hits="8"/>
                <line number="39" hits="8"/>
                <line number="40" hits="8"/>
                <line number="41" hits="8"/>
                <line number="42" hits="8"/>
                <line number="43" hits="8"/>
                <line number="44" hits="8"/>
              </lines>
            </method>
            <method name="theme" signature="Illuminate\Http\Request $request" line-rate="0.95454545454545" branch-rate="0" complexity="7">
              <lines>
                <line number="54" hits="8"/>
                <line number="56" hits="8"/>
                <line number="57" hits="8"/>
                <line number="59" hits="8"/>
                <line number="61" hits="8"/>
                <line number="62" hits="8"/>
                <line number="63" hits="0"/>
                <line number="66" hits="8"/>
                <line number="68" hits="8"/>
                <line number="70" hits="8"/>
                <line number="71" hits="2"/>
                <line number="72" hits="2"/>
                <line number="73" hits="2"/>
                <line number="74" hits="2"/>
                <line number="75" hits="2"/>
                <line number="76" hits="2"/>
                <line number="77" hits="2"/>
                <line number="78" hits="2"/>
                <line number="79" hits="2"/>
                <line number="80" hits="2"/>
                <line number="83" hits="6"/>
                <line number="85" hits="6"/>
              </lines>
            </method>
          </methods>
          <lines>
            <line number="28" hits="8"/>
            <line number="30" hits="8"/>
            <line number="31" hits="8"/>
            <line number="32" hits="0"/>
            <line number="35" hits="8"/>
            <line number="36" hits="8"/>
            <line number="37" hits="8"/>
            <line number="38" hits="8"/>
            <line number="39" hits="8"/>
            <line number="40" hits="8"/>
            <line number="41" hits="8"/>
            <line number="42" hits="8"/>
            <line number="43" hits="8"/>
            <line number="44" hits="8"/>
            <line number="54" hits="8"/>
            <line number="56" hits="8"/>
            <line number="57" hits="8"/>
            <line number="59" hits="8"/>
            <line number="61" hits="8"/>
            <line number="62" hits="8"/>
            <line number="63" hits="0"/>
            <line number="66" hits="8"/>
            <line number="68" hits="8"/>
            <line number="70" hits="8"/>
            <line number="71" hits="2"/>
            <line number="72" hits="2"/>
            <line number="73" hits="2"/>
            <line number="74" hits="2"/>
            <line number="75" hits="2"/>
            <line number="76" hits="2"/>
            <line number="77" hits="2"/>
            <line number="78" hits="2"/>
            <line number="79" hits="2"/>
            <line number="80" hits="2"/>
            <line number="83" hits="6"/>
            <line number="85" hits="6"/>
          </lines>
        </class>
      </classes>
    </package>
    <package name="Http/Controllers/ConcernsPages.php" line-rate="0" branch-rate="0" complexity="28">
      <classes>
        <class name="Playground\Site\Blade\Http\Controllers\ConcernsPages" filename="Http/Controllers/ConcernsPages.php" line-rate="0" branch-rate="0" complexity="28">
          <methods>
            <method name="pageBySlug" signature="Illuminate\Http\Request $request, string $slug" line-rate="0" branch-rate="0" complexity="7">
              <lines>
                <line number="35" hits="0"/>
                <line number="36" hits="0"/>
                <line number="39" hits="0"/>
                <line number="41" hits="0"/>
                <line number="42" hits="0"/>
                <line number="43" hits="0"/>
                <line number="44" hits="0"/>
                <line number="45" hits="0"/>
                <line number="46" hits="0"/>
                <line number="47" hits="0"/>
                <line number="48" hits="0"/>
                <line number="49" hits="0"/>
                <line number="50" hits="0"/>
                <line number="52" hits="0"/>
                <line number="55" hits="0"/>
                <line number="56" hits="0"/>
                <line number="57" hits="0"/>
                <line number="58" hits="0"/>
                <line number="59" hits="0"/>
                <line number="60" hits="0"/>
                <line number="61" hits="0"/>
                <line number="62" hits="0"/>
                <line number="63" hits="0"/>
                <line number="65" hits="0"/>
                <line number="69" hits="0"/>
              </lines>
            </method>
            <method name="page_available" signature="" line-rate="0" branch-rate="0" complexity="16">
              <lines>
                <line number="78" hits="0"/>
                <line number="79" hits="0"/>
                <line number="85" hits="0"/>
                <line number="87" hits="0"/>
                <line number="88" hits="0"/>
                <line number="91" hits="0"/>
                <line number="92" hits="0"/>
                <line number="95" hits="0"/>
                <line number="97" hits="0"/>
                <line number="99" hits="0"/>
                <line number="102" hits="0"/>
                <line number="106" hits="0"/>
                <line number="107" hits="0"/>
                <line number="109" hits="0"/>
                <line number="112" hits="0"/>
                <line number="113" hits="0"/>
                <line number="115" hits="0"/>
                <line number="118" hits="0"/>
                <line number="119" hits="0"/>
                <line number="120" hits="0"/>
                <line number="121" hits="0"/>
                <line number="123" hits="0"/>
                <line number="126" hits="0"/>
                <line number="128" hits="0"/>
              </lines>
            </method>
            <method name="page_query_user" signature="Illuminate\Database\Eloquent\Builder $query" line-rate="0" branch-rate="0" complexity="3">
              <lines>
                <line number="133" hits="0"/>
                <line number="134" hits="0"/>
                <line number="135" hits="0"/>
                <line number="137" hits="0"/>
              </lines>
            </method>
            <method name="pageBySlugForUser" signature="string $slug" line-rate="0" branch-rate="0" complexity="1">
              <lines>
                <line number="144" hits="0"/>
                <line number="146" hits="0"/>
                <line number="147" hits="0"/>
                <line number="148" hits="0"/>
                <line number="150" hits="0"/>
                <line number="152" hits="0"/>
                <line number="154" hits="0"/>
                <line number="156" hits="0"/>
              </lines>
            </method>
            <method name="pageBySlugForGuest" signature="string $slug" line-rate="0" branch-rate="0" complexity="1">
              <lines>
                <line number="161" hits="0"/>
                <line number="163" hits="0"/>
                <line number="164" hits="0"/>
                <line number="165" hits="0"/>
                <line number="166" hits="0"/>
                <line number="167" hits="0"/>
                <line number="169" hits="0"/>
                <line number="171" hits="0"/>
                <line number="173" hits="0"/>
                <line number="175" hits="0"/>
              </lines>
            </method>
          </methods>
          <lines>
            <line number="35" hits="0"/>
            <line number="36" hits="0"/>
            <line number="39" hits="0"/>
            <line number="41" hits="0"/>
            <line number="42" hits="0"/>
            <line number="43" hits="0"/>
            <line number="44" hits="0"/>
            <line number="45" hits="0"/>
            <line number="46" hits="0"/>
            <line number="47" hits="0"/>
            <line number="48" hits="0"/>
            <line number="49" hits="0"/>
            <line number="50" hits="0"/>
            <line number="52" hits="0"/>
            <line number="55" hits="0"/>
            <line number="56" hits="0"/>
            <line number="57" hits="0"/>
            <line number="58" hits="0"/>
            <line number="59" hits="0"/>
            <line number="60" hits="0"/>
            <line number="61" hits="0"/>
            <line number="62" hits="0"/>
            <line number="63" hits="0"/>
            <line number="65" hits="0"/>
            <line number="69" hits="0"/>
            <line number="78" hits="0"/>
            <line number="79" hits="0"/>
            <line number="85" hits="0"/>
            <line number="87" hits="0"/>
            <line number="88" hits="0"/>
            <line number="91" hits="0"/>
            <line number="92" hits="0"/>
            <line number="95" hits="0"/>
            <line number="97" hits="0"/>
            <line number="99" hits="0"/>
            <line number="102" hits="0"/>
            <line number="106" hits="0"/>
            <line number="107" hits="0"/>
            <line number="109" hits="0"/>
            <line number="112" hits="0"/>
            <line number="113" hits="0"/>
            <line number="115" hits="0"/>
            <line number="118" hits="0"/>
            <line number="119" hits="0"/>
            <line number="120" hits="0"/>
            <line number="121" hits="0"/>
            <line number="123" hits="0"/>
            <line number="126" hits="0"/>
            <line number="128" hits="0"/>
            <line number="133" hits="0"/>
            <line number="134" hits="0"/>
            <line number="135" hits="0"/>
            <line number="137" hits="0"/>
            <line number="144" hits="0"/>
            <line number="146" hits="0"/>
            <line number="147" hits="0"/>
            <line number="148" hits="0"/>
            <line number="150" hits="0"/>
            <line number="152" hits="0"/>
            <line number="154" hits="0"/>
            <line number="156" hits="0"/>
            <line number="161" hits="0"/>
            <line number="163" hits="0"/>
            <line number="164" hits="0"/>
            <line number="165" hits="0"/>
            <line number="166" hits="0"/>
            <line number="167" hits="0"/>
            <line number="169" hits="0"/>
            <line number="171" hits="0"/>
            <line number="173" hits="0"/>
            <line number="175" hits="0"/>
          </lines>
        </class>
      </classes>
    </package>
    <package name="Http/Controllers/ConcernsSnippets.php" line-rate="0.042553191489362" branch-rate="0" complexity="41">
      <classes>
        <class name="Playground\Site\Blade\Http\Controllers\ConcernsSnippets" filename="Http/Controllers/ConcernsSnippets.php" line-rate="0.042553191489362" branch-rate="0" complexity="41">
          <methods>
            <method name="snippetsForRoute" signature="Illuminate\Http\Request $request, array $options" line-rate="0.2" branch-rate="0" complexity="5">
              <lines>
                <line number="43" hits="66"/>
                <line number="44" hits="66"/>
                <line number="47" hits="0"/>
                <line number="48" hits="0"/>
                <line number="49" hits="0"/>
                <line number="50" hits="0"/>
                <line number="51" hits="0"/>
                <line number="55" hits="0"/>
                <line number="57" hits="0"/>
                <line number="59" hits="0"/>
              </lines>
            </method>
            <method name="snippet_slug_key" signature="string $route" line-rate="0" branch-rate="0" complexity="2">
              <lines>
                <line number="64" hits="0"/>
              </lines>
            </method>
            <method name="snippets_available" signature="array $options" line-rate="0.076923076923077" branch-rate="0" complexity="17">
              <lines>
                <line number="76" hits="66"/>
                <line number="77" hits="66"/>
                <line number="83" hits="0"/>
                <line number="85" hits="0"/>
                <line number="86" hits="0"/>
                <line number="89" hits="0"/>
                <line number="90" hits="0"/>
                <line number="93" hits="0"/>
                <line number="95" hits="0"/>
                <line number="97" hits="0"/>
                <line number="100" hits="0"/>
                <line number="104" hits="0"/>
                <line number="105" hits="0"/>
                <line number="108" hits="0"/>
                <line number="111" hits="0"/>
                <line number="112" hits="0"/>
                <line number="114" hits="0"/>
                <line number="117" hits="0"/>
                <line number="118" hits="0"/>
                <line number="119" hits="0"/>
                <line number="120" hits="0"/>
                <line number="122" hits="0"/>
                <line number="125" hits="0"/>
                <line number="126" hits="0"/>
                <line number="129" hits="0"/>
                <line number="131" hits="0"/>
              </lines>
            </method>
            <method name="snippets_query" signature="string $slug" line-rate="0" branch-rate="0" complexity="3">
              <lines>
                <line number="136" hits="0"/>
                <line number="137" hits="0"/>
                <line number="138" hits="0"/>
                <line number="139" hits="0"/>
                <line number="142" hits="0"/>
                <line number="143" hits="0"/>
                <line number="144" hits="0"/>
              </lines>
            </method>
            <method name="snippets_query_user" signature="Illuminate\Database\Eloquent\Builder $query" line-rate="0" branch-rate="0" complexity="3">
              <lines>
                <line number="149" hits="0"/>
                <line number="150" hits="0"/>
                <line number="151" hits="0"/>
                <line number="153" hits="0"/>
              </lines>
            </method>
            <method name="snippetsBySlugForUser" signature="string $slug" line-rate="0" branch-rate="0" complexity="1">
              <lines>
                <line number="163" hits="0"/>
                <line number="165" hits="0"/>
                <line number="166" hits="0"/>
                <line number="167" hits="0"/>
                <line number="169" hits="0"/>
                <line number="171" hits="0"/>
                <line number="176" hits="0"/>
                <line number="178" hits="0"/>
              </lines>
            </method>
            <method name="snippetsBySlugForGuest" signature="string $slug" line-rate="0" branch-rate="0" complexity="1">
              <lines>
                <line number="186" hits="0"/>
                <line number="188" hits="0"/>
                <line number="189" hits="0"/>
                <line number="190" hits="0"/>
                <line number="191" hits="0"/>
                <line number="192" hits="0"/>
                <line number="194" hits="0"/>
                <line number="196" hits="0"/>
                <line number="201" hits="0"/>
                <line number="203" hits="0"/>
              </lines>
            </method>
            <method name="snippetsBySlug" signature="string $slug, Illuminate\Http\Request $request" line-rate="0" branch-rate="0" complexity="9">
              <lines>
                <line number="214" hits="0"/>
                <line number="217" hits="0"/>
                <line number="218" hits="0"/>
                <line number="219" hits="0"/>
                <line number="221" hits="0"/>
                <line number="224" hits="0"/>
                <line number="226" hits="0"/>
                <line number="227" hits="0"/>
                <line number="228" hits="0"/>
                <line number="229" hits="0"/>
                <line number="230" hits="0"/>
                <line number="231" hits="0"/>
                <line number="232" hits="0"/>
                <line number="233" hits="0"/>
                <line number="234" hits="0"/>
                <line number="235" hits="0"/>
                <line number="237" hits="0"/>
                <line number="240" hits="0"/>
                <line number="241" hits="0"/>
                <line number="242" hits="0"/>
                <line number="243" hits="0"/>
                <line number="244" hits="0"/>
                <line number="245" hits="0"/>
                <line number="246" hits="0"/>
                <line number="247" hits="0"/>
                <line number="248" hits="0"/>
                <line number="250" hits="0"/>
                <line number="259" hits="0"/>
              </lines>
            </method>
          </methods>
          <lines>
            <line number="43" hits="66"/>
            <line number="44" hits="66"/>
            <line number="47" hits="0"/>
            <line number="48" hits="0"/>
            <line number="49" hits="0"/>
            <line number="50" hits="0"/>
            <line number="51" hits="0"/>
            <line number="55" hits="0"/>
            <line number="57" hits="0"/>
            <line number="59" hits="0"/>
            <line number="64" hits="0"/>
            <line number="76" hits="66"/>
            <line number="77" hits="66"/>
            <line number="83" hits="0"/>
            <line number="85" hits="0"/>
            <line number="86" hits="0"/>
            <line number="89" hits="0"/>
            <line number="90" hits="0"/>
            <line number="93" hits="0"/>
            <line number="95" hits="0"/>
            <line number="97" hits="0"/>
            <line number="100" hits="0"/>
            <line number="104" hits="0"/>
            <line number="105" hits="0"/>
            <line number="108" hits="0"/>
            <line number="111" hits="0"/>
            <line number="112" hits="0"/>
            <line number="114" hits="0"/>
            <line number="117" hits="0"/>
            <line number="118" hits="0"/>
            <line number="119" hits="0"/>
            <line number="120" hits="0"/>
            <line number="122" hits="0"/>
            <line number="125" hits="0"/>
            <line number="126" hits="0"/>
            <line number="129" hits="0"/>
            <line number="131" hits="0"/>
            <line number="136" hits="0"/>
            <line number="137" hits="0"/>
            <line number="138" hits="0"/>
            <line number="139" hits="0"/>
            <line number="142" hits="0"/>
            <line number="143" hits="0"/>
            <line number="144" hits="0"/>
            <line number="149" hits="0"/>
            <line number="150" hits="0"/>
            <line number="151" hits="0"/>
            <line number="153" hits="0"/>
            <line number="163" hits="0"/>
            <line number="165" hits="0"/>
            <line number="166" hits="0"/>
            <line number="167" hits="0"/>
            <line number="169" hits="0"/>
            <line number="171" hits="0"/>
            <line number="176" hits="0"/>
            <line number="178" hits="0"/>
            <line number="186" hits="0"/>
            <line number="188" hits="0"/>
            <line number="189" hits="0"/>
            <line number="190" hits="0"/>
            <line number="191" hits="0"/>
            <line number="192" hits="0"/>
            <line number="194" hits="0"/>
            <line number="196" hits="0"/>
            <line number="201" hits="0"/>
            <line number="203" hits="0"/>
            <line number="214" hits="0"/>
            <line number="217" hits="0"/>
            <line number="218" hits="0"/>
            <line number="219" hits="0"/>
            <line number="221" hits="0"/>
            <line number="224" hits="0"/>
            <line number="226" hits="0"/>
            <line number="227" hits="0"/>
            <line number="228" hits="0"/>
            <line number="229" hits="0"/>
            <line number="230" hits="0"/>
            <line number="231" hits="0"/>
            <line number="232" hits="0"/>
            <line number="233" hits="0"/>
            <line number="234" hits="0"/>
            <line number="235" hits="0"/>
            <line number="237" hits="0"/>
            <line number="240" hits="0"/>
            <line number="241" hits="0"/>
            <line number="242" hits="0"/>
            <line number="243" hits="0"/>
            <line number="244" hits="0"/>
            <line number="245" hits="0"/>
            <line number="246" hits="0"/>
            <line number="247" hits="0"/>
            <line number="248" hits="0"/>
            <line number="250" hits="0"/>
            <line number="259" hits="0"/>
          </lines>
        </class>
      </classes>
    </package>
    <package name="Http/Controllers/Controller.php" line-rate="1" branch-rate="0" complexity="8">
      <classes>
        <class name="Playground\Site\Blade\Http\Controllers\Controller" filename="Http/Controllers/Controller.php" line-rate="1" branch-rate="0" complexity="8">
          <methods>
            <method name="response_payload" signature="Illuminate\Http\Request $request" line-rate="1" branch-rate="0" complexity="1">
              <lines>
                <line number="36" hits="23"/>
                <line number="37" hits="23"/>
                <line number="38" hits="23"/>
                <line number="39" hits="23"/>
                <line number="40" hits="23"/>
                <line number="41" hits="23"/>
                <line number="42" hits="23"/>
                <line number="44" hits="23"/>
              </lines>
            </method>
            <method name="getPackageViewPathFromConfig" signature="mixed $config, string $controller, string $view" line-rate="1" branch-rate="0" complexity="5">
              <lines>
                <line number="52" hits="57"/>
                <line number="53" hits="57"/>
                <line number="54" hits="57"/>
                <line number="55" hits="57"/>
                <line number="56" hits="57"/>
                <line number="58" hits="57"/>
                <line number="61" hits="57"/>
              </lines>
            </method>
            <method name="init" signature="Illuminate\Http\Request $request" line-rate="1" branch-rate="0" complexity="2">
              <lines>
                <line number="66" hits="102"/>
                <line number="67" hits="102"/>
                <line number="68" hits="102"/>
              </lines>
            </method>
          </methods>
          <lines>
            <line number="36" hits="23"/>
            <line number="37" hits="23"/>
            <line number="38" hits="23"/>
            <line number="39" hits="23"/>
            <line number="40" hits="23"/>
            <line number="41" hits="23"/>
            <line number="42" hits="23"/>
            <line number="44" hits="23"/>
            <line number="52" hits="57"/>
            <line number="53" hits="57"/>
            <line number="54" hits="57"/>
            <line number="55" hits="57"/>
            <line number="56" hits="57"/>
            <line number="58" hits="57"/>
            <line number="61" hits="57"/>
            <line number="66" hits="102"/>
            <line number="67" hits="102"/>
            <line number="68" hits="102"/>
          </lines>
        </class>
      </classes>
    </package>
    <package name="Http/Controllers/DashboardController.php" line-rate="0.96774193548387" branch-rate="0" complexity="10">
      <classes>
        <class name="Playground\Site\Blade\Http\Controllers\DashboardController" filename="Http/Controllers/DashboardController.php" line-rate="0.96774193548387" branch-rate="0" complexity="10">
          <methods>
            <method name="index" signature="Illuminate\Http\Request $request" line-rate="1" branch-rate="0" complexity="5">
              <lines>
                <line number="36" hits="16"/>
                <line number="39" hits="16"/>
                <line number="40" hits="6"/>
                <line number="42" hits="4"/>
                <line number="45" hits="10"/>
                <line number="48" hits="10"/>
                <line number="49" hits="4"/>
                <line number="51" hits="2"/>
                <line number="57" hits="6"/>
                <line number="59" hits="6"/>
                <line number="60" hits="4"/>
                <line number="62" hits="4"/>
                <line number="64" hits="4"/>
                <line number="67" hits="2"/>
                <line number="68" hits="2"/>
                <line number="69" hits="2"/>
                <line number="70" hits="2"/>
              </lines>
            </method>
            <method name="init" signature="Illuminate\Http\Request $request" line-rate="0.92857142857143" branch-rate="0" complexity="5">
              <lines>
                <line number="75" hits="16"/>
                <line number="77" hits="16"/>
                <line number="78" hits="16"/>
                <line number="80" hits="16"/>
                <line number="81" hits="16"/>
                <line number="82" hits="16"/>
                <line number="84" hits="16"/>
                <line number="85" hits="16"/>
                <line number="87" hits="0"/>
                <line number="89" hits="16"/>
                <line number="90" hits="16"/>
                <line number="91" hits="16"/>
                <line number="92" hits="16"/>
                <line number="93" hits="16"/>
              </lines>
            </method>
          </methods>
          <lines>
            <line number="36" hits="16"/>
            <line number="39" hits="16"/>
            <line number="40" hits="6"/>
            <line number="42" hits="4"/>
            <line number="45" hits="10"/>
            <line number="48" hits="10"/>
            <line number="49" hits="4"/>
            <line number="51" hits="2"/>
            <line number="57" hits="6"/>
            <line number="59" hits="6"/>
            <line number="60" hits="4"/>
            <line number="62" hits="4"/>
            <line number="64" hits="4"/>
            <line number="67" hits="2"/>
            <line number="68" hits="2"/>
            <line number="69" hits="2"/>
            <line number="70" hits="2"/>
            <line number="75" hits="16"/>
            <line number="77" hits="16"/>
            <line number="78" hits="16"/>
            <line number="80" hits="16"/>
            <line number="81" hits="16"/>
            <line number="82" hits="16"/>
            <line number="84" hits="16"/>
            <line number="85" hits="16"/>
            <line number="87" hits="0"/>
            <line number="89" hits="16"/>
            <line number="90" hits="16"/>
            <line number="91" hits="16"/>
            <line number="92" hits="16"/>
            <line number="93" hits="16"/>
          </lines>
        </class>
      </classes>
    </package>
    <package name="Http/Controllers/HomeController.php" line-rate="1" branch-rate="0" complexity="2">
      <classes>
        <class name="Playground\Site\Blade\Http\Controllers\HomeController" filename="Http/Controllers/HomeController.php" line-rate="1" branch-rate="0" complexity="2">
          <methods>
            <method name="index" signature="Illuminate\Http\Request $request" line-rate="1" branch-rate="0" complexity="2">
              <lines>
                <line number="29" hits="12"/>
                <line number="34" hits="12"/>
                <line number="36" hits="12"/>
                <line number="37" hits="6"/>
                <line number="39" hits="6"/>
                <line number="41" hits="6"/>
                <line number="44" hits="6"/>
                <line number="45" hits="6"/>
                <line number="46" hits="6"/>
                <line number="47" hits="6"/>
                <line number="48" hits="6"/>
                <line number="49" hits="6"/>
                <line number="50" hits="6"/>
                <line number="51" hits="6"/>
              </lines>
            </method>
          </methods>
          <lines>
            <line number="29" hits="12"/>
            <line number="34" hits="12"/>
            <line number="36" hits="12"/>
            <line number="37" hits="6"/>
            <line number="39" hits="6"/>
            <line number="41" hits="6"/>
            <line number="44" hits="6"/>
            <line number="45" hits="6"/>
            <line number="46" hits="6"/>
            <line number="47" hits="6"/>
            <line number="48" hits="6"/>
            <line number="49" hits="6"/>
            <line number="50" hits="6"/>
            <line number="51" hits="6"/>
          </lines>
        </class>
      </classes>
    </package>
    <package name="Http/Controllers/IndexController.php" line-rate="0" branch-rate="0" complexity="2">
      <classes>
        <class name="Playground\Site\Blade\Http\Controllers\IndexController" filename="Http/Controllers/IndexController.php" line-rate="0" branch-rate="0" complexity="2">
          <methods>
            <method name="index" signature="Illuminate\Http\Request $request" line-rate="0" branch-rate="0" complexity="2">
              <lines>
                <line number="29" hits="0"/>
                <line number="34" hits="0"/>
                <line number="36" hits="0"/>
                <line number="37" hits="0"/>
                <line number="39" hits="0"/>
                <line number="41" hits="0"/>
                <line number="44" hits="0"/>
                <line number="45" hits="0"/>
                <line number="46" hits="0"/>
                <line number="47" hits="0"/>
                <line number="48" hits="0"/>
                <line number="49" hits="0"/>
                <line number="50" hits="0"/>
                <line number="51" hits="0"/>
              </lines>
            </method>
          </methods>
          <lines>
            <line number="29" hits="0"/>
            <line number="34" hits="0"/>
            <line number="36" hits="0"/>
            <line number="37" hits="0"/>
            <line number="39" hits="0"/>
            <line number="41" hits="0"/>
            <line number="44" hits="0"/>
            <line number="45" hits="0"/>
            <line number="46" hits="0"/>
            <line number="47" hits="0"/>
            <line number="48" hits="0"/>
            <line number="49" hits="0"/>
            <line number="50" hits="0"/>
            <line number="51" hits="0"/>
          </lines>
        </class>
      </classes>
    </package>
    <package name="Http/Controllers/PageController.php" line-rate="0" branch-rate="0" complexity="3">
      <classes>
        <class name="Playground\Site\Blade\Http\Controllers\PageController" filename="Http/Controllers/PageController.php" line-rate="0" branch-rate="0" complexity="3">
          <methods>
            <method name="page" signature="Illuminate\Http\Request $request, string $slug" line-rate="0" branch-rate="0" complexity="3">
              <lines>
                <line number="32" hits="0"/>
                <line number="34" hits="0"/>
                <line number="36" hits="0"/>
                <line number="37" hits="0"/>
                <line number="43" hits="0"/>
                <line number="45" hits="0"/>
                <line number="46" hits="0"/>
                <line number="48" hits="0"/>
                <line number="49" hits="0"/>
                <line number="51" hits="0"/>
                <line number="54" hits="0"/>
                <line number="55" hits="0"/>
                <line number="56" hits="0"/>
                <line number="57" hits="0"/>
                <line number="58" hits="0"/>
                <line number="59" hits="0"/>
                <line number="60" hits="0"/>
                <line number="61" hits="0"/>
                <line number="62" hits="0"/>
              </lines>
            </method>
          </methods>
          <lines>
            <line number="32" hits="0"/>
            <line number="34" hits="0"/>
            <line number="36" hits="0"/>
            <line number="37" hits="0"/>
            <line number="43" hits="0"/>
            <line number="45" hits="0"/>
            <line number="46" hits="0"/>
            <line number="48" hits="0"/>
            <line number="49" hits="0"/>
            <line number="51" hits="0"/>
            <line number="54" hits="0"/>
            <line number="55" hits="0"/>
            <line number="56" hits="0"/>
            <line number="57" hits="0"/>
            <line number="58" hits="0"/>
            <line number="59" hits="0"/>
            <line number="60" hits="0"/>
            <line number="61" hits="0"/>
            <line number="62" hits="0"/>
          </lines>
        </class>
      </classes>
    </package>
    <package name="Http/Controllers/SitemapController.php" line-rate="0.88461538461538" branch-rate="0" complexity="28">
      <classes>
        <class name="Playground\Site\Blade\Http\Controllers\SitemapController" filename="Http/Controllers/SitemapController.php" line-rate="0.88461538461538" branch-rate="0" complexity="28">
          <methods>
            <method name="index" signature="Illuminate\Http\Request $request" line-rate="1" branch-rate="0" complexity="4">
              <lines>
                <line number="47" hits="36"/>
                <line number="50" hits="36"/>
                <line number="51" hits="12"/>
                <line number="53" hits="8"/>
                <line number="56" hits="24"/>
                <line number="59" hits="24"/>
                <line number="60" hits="8"/>
                <line number="62" hits="4"/>
                <line number="66" hits="16"/>
                <line number="69" hits="16"/>
                <line number="82" hits="16"/>
                <line number="84" hits="16"/>
                <line number="85" hits="16"/>
                <line number="86" hits="16"/>
                <line number="87" hits="16"/>
                <line number="88" hits="16"/>
                <line number="89" hits="16"/>
                <line number="90" hits="16"/>
                <line number="91" hits="16"/>
                <line number="92" hits="16"/>
                <line number="93" hits="16"/>
              </lines>
            </method>
            <method name="init" signature="Illuminate\Http\Request $request" line-rate="0.64285714285714" branch-rate="0" complexity="5">
              <lines>
                <line number="98" hits="36"/>
                <line number="100" hits="36"/>
                <line number="101" hits="36"/>
                <line number="103" hits="36"/>
                <line number="104" hits="36"/>
                <line number="105" hits="36"/>
                <line number="107" hits="36"/>
                <line number="108" hits="36"/>
                <line number="110" hits="36"/>
                <line number="112" hits="0"/>
                <line number="113" hits="0"/>
                <line number="114" hits="0"/>
                <line number="115" hits="0"/>
                <line number="116" hits="0"/>
              </lines>
            </method>
            <method name="configs" signature="" line-rate="1" branch-rate="0" complexity="9">
              <lines>
                <line number="126" hits="16"/>
                <line number="128" hits="16"/>
                <line number="129" hits="16"/>
                <line number="130" hits="16"/>
                <line number="131" hits="16"/>
                <line number="132" hits="16"/>
                <line number="133" hits="16"/>
                <line number="134" hits="16"/>
              </lines>
            </method>
            <method name="sitemaps" signature="" line-rate="0.88888888888889" branch-rate="0" complexity="10">
              <lines>
                <line number="143" hits="16"/>
                <line number="145" hits="16"/>
                <line number="146" hits="16"/>
                <line number="147" hits="16"/>
                <line number="148" hits="16"/>
                <line number="149" hits="16"/>
                <line number="150" hits="16"/>
                <line number="151" hits="16"/>
                <line number="153" hits="0"/>
              </lines>
            </method>
          </methods>
          <lines>
            <line number="47" hits="36"/>
            <line number="50" hits="36"/>
            <line number="51" hits="12"/>
            <line number="53" hits="8"/>
            <line number="56" hits="24"/>
            <line number="59" hits="24"/>
            <line number="60" hits="8"/>
            <line number="62" hits="4"/>
            <line number="66" hits="16"/>
            <line number="69" hits="16"/>
            <line number="82" hits="16"/>
            <line number="84" hits="16"/>
            <line number="85" hits="16"/>
            <line number="86" hits="16"/>
            <line number="87" hits="16"/>
            <line number="88" hits="16"/>
            <line number="89" hits="16"/>
            <line number="90" hits="16"/>
            <line number="91" hits="16"/>
            <line number="92" hits="16"/>
            <line number="93" hits="16"/>
            <line number="98" hits="36"/>
            <line number="100" hits="36"/>
            <line number="101" hits="36"/>
            <line number="103" hits="36"/>
            <line number="104" hits="36"/>
            <line number="105" hits="36"/>
            <line number="107" hits="36"/>
            <line number="108" hits="36"/>
            <line number="110" hits="36"/>
            <line number="112" hits="0"/>
            <line number="113" hits="0"/>
            <line number="114" hits="0"/>
            <line number="115" hits="0"/>
            <line number="116" hits="0"/>
            <line number="126" hits="16"/>
            <line number="128" hits="16"/>
            <line number="129" hits="16"/>
            <line number="130" hits="16"/>
            <line number="131" hits="16"/>
            <line number="132" hits="16"/>
            <line number="133" hits="16"/>
            <line number="134" hits="16"/>
            <line number="143" hits="16"/>
            <line number="145" hits="16"/>
            <line number="146" hits="16"/>
            <line number="147" hits="16"/>
            <line number="148" hits="16"/>
            <line number="149" hits="16"/>
            <line number="150" hits="16"/>
            <line number="151" hits="16"/>
            <line number="153" hits="0"/>
          </lines>
        </class>
      </classes>
    </package>
    <package name="Http/Controllers/WelcomeController.php" line-rate="1" branch-rate="0" complexity="2">
      <classes>
        <class name="Playground\Site\Blade\Http\Controllers\WelcomeController" filename="Http/Controllers/WelcomeController.php" line-rate="1" branch-rate="0" complexity="2">
          <methods>
            <method name="index" signature="Illuminate\Http\Request $request" line-rate="1" branch-rate="0" complexity="2">
              <lines>
                <line number="28" hits="8"/>
                <line number="33" hits="8"/>
                <line number="35" hits="8"/>
                <line number="36" hits="6"/>
                <line number="38" hits="6"/>
                <line number="40" hits="6"/>
                <line number="43" hits="2"/>
                <line number="44" hits="2"/>
                <line number="45" hits="2"/>
                <line number="46" hits="2"/>
                <line number="47" hits="2"/>
                <line number="48" hits="2"/>
                <line number="49" hits="2"/>
                <line number="50" hits="2"/>
              </lines>
            </method>
          </methods>
          <lines>
            <line number="28" hits="8"/>
            <line number="33" hits="8"/>
            <line number="35" hits="8"/>
            <line number="36" hits="6"/>
            <line number="38" hits="6"/>
            <line number="40" hits="6"/>
            <line number="43" hits="2"/>
            <line number="44" hits="2"/>
            <line number="45" hits="2"/>
            <line number="46" hits="2"/>
            <line number="47" hits="2"/>
            <line number="48" hits="2"/>
            <line number="49" hits="2"/>
            <line number="50" hits="2"/>
          </lines>
        </class>
      </classes>
    </package>
    <package name="ServiceProvider.php" line-rate="1" branch-rate="0" complexity="42">
      <classes>
        <class name="Playground\Site\Blade\ServiceProvider" filename="ServiceProvider.php" line-rate="1" branch-rate="0" complexity="42">
          <methods>
            <method name="boot" signature="" line-rate="1" branch-rate="0" complexity="7">
              <lines>
                <line number="27" hits="114"/>
                <line number="29" hits="114"/>
                <line number="31" hits="114"/>
                <line number="32" hits="114"/>
                <line number="35" hits="114"/>
                <line number="36" hits="114"/>
                <line number="37" hits="114"/>
                <line number="38" hits="114"/>
                <line number="39" hits="114"/>
                <line number="42" hits="114"/>
                <line number="44" hits="114"/>
                <line number="45" hits="114"/>
                <line number="46" hits="114"/>
                <line number="49" hits="114"/>
                <line number="50" hits="114"/>
                <line number="51" hits="114"/>
                <line number="54" hits="114"/>
              </lines>
            </method>
            <method name="about" signature="" line-rate="1" branch-rate="0" complexity="23">
              <lines>
                <line number="60" hits="114"/>
                <line number="61" hits="114"/>
                <line number="63" hits="114"/>
                <line number="65" hits="114"/>
                <line number="67" hits="114"/>
                <line number="69" hits="114"/>
                <line number="71" hits="114"/>
                <line number="72" hits="114"/>
                <line number="74" hits="114"/>
                <line number="75" hits="114"/>
                <line number="77" hits="114"/>
                <line number="78" hits="114"/>
                <line number="79" hits="114"/>
                <line number="80" hits="114"/>
                <line number="82" hits="114"/>
                <line number="83" hits="114"/>
                <line number="84" hits="114"/>
                <line number="85" hits="114"/>
                <line number="87" hits="114"/>
                <line number="88" hits="114"/>
                <line number="89" hits="114"/>
                <line number="90" hits="114"/>
                <line number="91" hits="114"/>
                <line number="92" hits="114"/>
                <line number="93" hits="114"/>
                <line number="94" hits="114"/>
                <line number="96" hits="114"/>
                <line number="97" hits="114"/>
                <line number="98" hits="114"/>
              </lines>
            </method>
            <method name="register" signature="" line-rate="1" branch-rate="0" complexity="1">
              <lines>
                <line number="103" hits="114"/>
                <line number="104" hits="114"/>
                <line number="105" hits="114"/>
                <line number="106" hits="114"/>
              </lines>
            </method>
            <method name="routes" signature="array $routes" line-rate="1" branch-rate="0" complexity="10">
              <lines>
                <line number="114" hits="114"/>
                <line number="115" hits="114"/>
                <line number="117" hits="114"/>
                <line number="118" hits="114"/>
                <line number="120" hits="114"/>
                <line number="121" hits="114"/>
                <line number="123" hits="114"/>
                <line number="124" hits="114"/>
                <line number="126" hits="114"/>
                <line number="127" hits="114"/>
                <line number="129" hits="114"/>
                <line number="130" hits="114"/>
                <line number="132" hits="114"/>
                <line number="133" hits="114"/>
                <line number="135" hits="114"/>
                <line number="136" hits="114"/>
                <line number="138" hits="114"/>
                <line number="139" hits="114"/>
              </lines>
            </method>
            <method name="version" signature="" line-rate="1" branch-rate="0" complexity="1">
              <lines>
                <line number="145" hits="114"/>
              </lines>
            </method>
          </methods>
          <lines>
            <line number="27" hits="114"/>
            <line number="29" hits="114"/>
            <line number="31" hits="114"/>
            <line number="32" hits="114"/>
            <line number="35" hits="114"/>
            <line number="36" hits="114"/>
            <line number="37" hits="114"/>
            <line number="38" hits="114"/>
            <line number="39" hits="114"/>
            <line number="42" hits="114"/>
            <line number="44" hits="114"/>
            <line number="45" hits="114"/>
            <line number="46" hits="114"/>
            <line number="49" hits="114"/>
            <line number="50" hits="114"/>
            <line number="51" hits="114"/>
            <line number="54" hits="114"/>
            <line number="60" hits="114"/>
            <line number="61" hits="114"/>
            <line number="63" hits="114"/>
            <line number="65" hits="114"/>
            <line number="67" hits="114"/>
            <line number="69" hits="114"/>
            <line number="71" hits="114"/>
            <line number="72" hits="114"/>
            <line number="74" hits="114"/>
            <line number="75" hits="114"/>
            <line number="77" hits="114"/>
            <line number="78" hits="114"/>
            <line number="79" hits="114"/>
            <line number="80" hits="114"/>
            <line number="82" hits="114"/>
            <line number="83" hits="114"/>
            <line number="84" hits="114"/>
            <line number="85" hits="114"/>
            <line number="87" hits="114"/>
            <line number="88" hits="114"/>
            <line number="89" hits="114"/>
            <line number="90" hits="114"/>
            <line number="91" hits="114"/>
            <line number="92" hits="114"/>
            <line number="93" hits="114"/>
            <line number="94" hits="114"/>
            <line number="96" hits="114"/>
            <line number="97" hits="114"/>
            <line number="98" hits="114"/>
            <line number="103" hits="114"/>
            <line number="104" hits="114"/>
            <line number="105" hits="114"/>
            <line number="106" hits="114"/>
            <line number="114" hits="114"/>
            <line number="115" hits="114"/>
            <line number="117" hits="114"/>
            <line number="118" hits="114"/>
            <line number="120" hits="114"/>
            <line number="121" hits="114"/>
            <line number="123" hits="114"/>
            <line number="124" hits="114"/>
            <line number="126" hits="114"/>
            <line number="127" hits="114"/>
            <line number="129" hits="114"/>
            <line number="130" hits="114"/>
            <line number="132" hits="114"/>
            <line number="133" hits="114"/>
            <line number="135" hits="114"/>
            <line number="136" hits="114"/>
            <line number="138" hits="114"/>
            <line number="139" hits="114"/>
            <line number="145" hits="114"/>
          </lines>
        </class>
      </classes>
    </package>
  </packages>
</coverage>
